2025-12-03 22:27:24.218 [info] RunInTerminalTool#CommandLineFileWriteAnalyzer: File writes detected [[]]
2025-12-03 22:27:24.218 [info] RunInTerminalTool#CommandLineAutoApproveAnalyzer: Parsed sub-commands via bash grammar [["chmod +x /root/Documentos/github/GestionSocios/database/migrations/apply_supplier_migration.sh"]]
2025-12-03 22:27:24.222 [info] RunInTerminalTool#CommandLineAutoApproveAnalyzer: Sub-command DENIED auto approval [null]
2025-12-03 22:27:24.222 [info] RunInTerminalTool#CommandLineAutoApproveAnalyzer: - Command 'chmod +x /root/Documentos/github/GestionSocios/database/migrations/apply_supplier_migration.sh' is denied by deny list rule: chmod [null]
2025-12-03 22:27:24.223 [info] RunInTerminalTool#CommandLineAutoApproveAnalyzer: - Command line 'chmod +x /root/Documentos/github/GestionSocios/database/migrations/apply_supplier_migration.sh' has no matching auto approve entries [null]
2025-12-03 22:33:31.517 [info] ToolTerminalCreator#createTerminal: Waiting 4999ms for shell integration []
2025-12-03 22:33:31.571 [info] ToolTerminalCreator#_waitForShellIntegration: Rich SI available eventually []
2025-12-03 22:33:31.571 [info] ToolTerminalCreator#_waitForShellIntegration: Promise complete, disposing store []
2025-12-03 22:33:31.571 [info] ToolTerminalCreator#createTerminal: Waiting up to 2s for PromptInputModel state to change []
2025-12-03 22:50:00.366 [info] RunInTerminalTool#CommandLineFileWriteAnalyzer: Detected cwd ["file:///root/Documentos/github/GestionSocios"]
2025-12-03 22:50:00.366 [info] RunInTerminalTool#CommandLineFileWriteAnalyzer: File writes detected [["file:///dev/null"]]
2025-12-03 22:50:00.366 [info] RunInTerminalTool#CommandLineAutoApproveAnalyzer: Parsed sub-commands via bash grammar [["find /root/Documentos/github/GestionSocios -type f \\( -name \"*Supplier*\" -o -name \"*supplier*\" \\) -newer /root/Documentos/github/GestionSocios/README.md","head -20"]]
2025-12-03 22:50:00.373 [info] RunInTerminalTool#CommandLineAutoApproveAnalyzer: All sub-commands auto-approved [null]
2025-12-03 22:50:00.373 [info] RunInTerminalTool#CommandLineAutoApproveAnalyzer: - Command 'find /root/Documentos/github/GestionSocios -type f \( -name "*Supplier*" -o -name "*supplier*" \) -newer /root/Documentos/github/GestionSocios/README.md' is approved by allow list rule: find [null]
2025-12-03 22:50:00.373 [info] RunInTerminalTool#CommandLineAutoApproveAnalyzer: - Command 'head -20' is approved by allow list rule: head [null]
2025-12-03 22:50:00.373 [info] RunInTerminalTool#CommandLineAutoApproveAnalyzer: - Command line 'find /root/Documentos/github/GestionSocios -type f \( -name "*Supplier*" -o -name "*supplier*" \) -newer /root/Documentos/github/GestionSocios/README.md 2>/dev/null | head -20' has no matching auto approve entries [null]
2025-12-03 22:50:00.373 [info] RunInTerminalTool#CommandLineFileWriteAnalyzer: File write blocked outside workspace ["file:///dev/null"]
2025-12-03 22:50:16.405 [info] RunInTerminalTool#CommandLineFileWriteAnalyzer: File writes detected [[]]
2025-12-03 22:50:16.405 [info] RunInTerminalTool#CommandLineAutoApproveAnalyzer: Parsed sub-commands via bash grammar [["ls -lh /root/Documentos/github/GestionSocios/src/Models/Supplier*.php"]]
2025-12-03 22:50:16.405 [info] RunInTerminalTool#CommandLineAutoApproveAnalyzer: All sub-commands auto-approved [null]
2025-12-03 22:50:16.407 [info] RunInTerminalTool#CommandLineAutoApproveAnalyzer: - Command 'ls -lh /root/Documentos/github/GestionSocios/src/Models/Supplier*.php' is approved by allow list rule: ls [null]
2025-12-03 22:50:16.408 [info] RunInTerminalTool#CommandLineAutoApproveAnalyzer: - Command line 'ls -lh /root/Documentos/github/GestionSocios/src/Models/Supplier*.php' has no matching auto approve entries [null]
2025-12-03 22:50:22.538 [info] RunInTerminalTool#CommandLineFileWriteAnalyzer: File writes detected [[]]
2025-12-03 22:50:22.539 [info] RunInTerminalTool#CommandLineAutoApproveAnalyzer: Parsed sub-commands via bash grammar [["ls -lh /root/Documentos/github/GestionSocios/SUPPLIER*.md /root/Documentos/github/GestionSocios/database/migrations/*supplier*"]]
2025-12-03 22:50:22.539 [info] RunInTerminalTool#CommandLineAutoApproveAnalyzer: All sub-commands auto-approved [null]
2025-12-03 22:50:22.539 [info] RunInTerminalTool#CommandLineAutoApproveAnalyzer: - Command 'ls -lh /root/Documentos/github/GestionSocios/SUPPLIER*.md /root/Documentos/github/GestionSocios/database/migrations/*supplier*' is approved by allow list rule: ls [null]
2025-12-03 22:50:22.539 [info] RunInTerminalTool#CommandLineAutoApproveAnalyzer: - Command line 'ls -lh /root/Documentos/github/GestionSocios/SUPPLIER*.md /root/Documentos/github/GestionSocios/database/migrations/*supplier*' has no matching auto approve entries [null]
