2025-12-03 21:29:43.848 [info] [main] Log level: Info
2025-12-03 21:29:43.848 [info] [main] Validating found git in: "git"
2025-12-03 21:29:43.848 [info] [main] Using git "2.47.3" from "git"
2025-12-03 21:29:43.848 [info] [Model][doInitialScan] Initial repository scan started
2025-12-03 21:29:43.848 [info] > git rev-parse --show-toplevel [421ms]
2025-12-03 21:29:43.856 [info] > git rev-parse --git-dir --git-common-dir --show-superproject-working-tree [745ms]
2025-12-03 21:29:43.892 [info] [Model][openRepository] Opened repository (path): /root/Documentos/github/GestionSocios
2025-12-03 21:29:43.892 [info] [Model][openRepository] Opened repository (real path): /root/Documentos/github/GestionSocios
2025-12-03 21:29:43.892 [info] [Model][openRepository] Opened repository (kind): repository
2025-12-03 21:29:43.993 [info] > git config --get commit.template [26ms]
2025-12-03 21:29:44.388 [info] > git for-each-ref --format=%(refname)%00%(upstream:short)%00%(objectname)%00%(upstream:track)%00%(upstream:remotename)%00%(upstream:remoteref) refs/heads/devel refs/remotes/devel [273ms]
2025-12-03 21:29:44.587 [info] > git status -z -uall [77ms]
2025-12-03 21:29:44.587 [info] > git check-ignore -v -z --stdin [26ms]
2025-12-03 21:29:44.597 [info] > git for-each-ref --sort -committerdate --format %(refname)%00%(objectname)%00%(*objectname) [66ms]
2025-12-03 21:29:44.652 [info] > git for-each-ref --format=%(refname)%00%(upstream:short)%00%(objectname)%00%(upstream:track)%00%(upstream:remotename)%00%(upstream:remoteref) refs/heads/devel refs/remotes/devel [4ms]
2025-12-03 21:29:44.687 [info] > git config --get --local branch.devel.vscode-merge-base [28ms]
2025-12-03 21:29:44.712 [info] > git for-each-ref --format=%(refname)%00%(upstream:short)%00%(objectname)%00%(upstream:track)%00%(upstream:remotename)%00%(upstream:remoteref) refs/heads/origin/devel refs/remotes/origin/devel [9ms]
2025-12-03 21:29:44.748 [info] > git config --get commit.template [64ms]
2025-12-03 21:29:44.806 [info] > git merge-base refs/heads/devel refs/remotes/origin/devel [65ms]
2025-12-03 21:29:44.869 [info] > git diff --name-status -z --diff-filter=ADMR --find-renames=50% 91f10c5db28d9c7ebe87c18288bdb19d439da2bc...refs/remotes/origin/devel -- [35ms]
2025-12-03 21:29:44.870 [info] > git for-each-ref --format=%(refname)%00%(upstream:short)%00%(objectname)%00%(upstream:track)%00%(upstream:remotename)%00%(upstream:remoteref) refs/heads/devel refs/remotes/devel [65ms]
2025-12-03 21:29:44.935 [info] > git status -z -uall [14ms]
2025-12-03 21:29:44.935 [info] > git for-each-ref --sort -committerdate --format %(refname)%00%(objectname)%00%(*objectname) [2ms]
2025-12-03 21:29:44.957 [info] > git rev-parse --show-toplevel [52ms]
2025-12-03 21:29:44.986 [info] > git rev-parse --show-toplevel [3ms]
2025-12-03 21:29:45.862 [info] > git rev-parse --show-toplevel [400ms]
2025-12-03 21:29:45.926 [info] > git rev-parse --show-toplevel [45ms]
2025-12-03 21:29:45.942 [info] > git rev-parse --show-toplevel [3ms]
2025-12-03 21:29:45.970 [info] > git rev-parse --show-toplevel [5ms]
2025-12-03 21:29:45.983 [info] > git rev-parse --show-toplevel [2ms]
2025-12-03 21:29:46.009 [info] > git rev-parse --show-toplevel [5ms]
2025-12-03 21:29:46.044 [info] > git rev-parse --show-toplevel [11ms]
2025-12-03 21:29:46.069 [info] > git rev-parse --show-toplevel [1ms]
2025-12-03 21:29:46.084 [info] > git rev-parse --show-toplevel [2ms]
2025-12-03 21:29:46.120 [info] > git rev-parse --show-toplevel [2ms]
2025-12-03 21:29:46.129 [info] > git rev-parse --show-toplevel [1ms]
2025-12-03 21:29:46.139 [info] > git rev-parse --show-toplevel [1ms]
2025-12-03 21:29:46.148 [info] > git rev-parse --show-toplevel [2ms]
2025-12-03 21:29:46.157 [info] > git rev-parse --show-toplevel [1ms]
2025-12-03 21:29:46.167 [info] > git rev-parse --show-toplevel [1ms]
2025-12-03 21:29:46.180 [info] > git rev-parse --show-toplevel [1ms]
2025-12-03 21:29:46.191 [info] > git rev-parse --show-toplevel [2ms]
2025-12-03 21:29:46.200 [info] > git rev-parse --show-toplevel [1ms]
2025-12-03 21:29:46.210 [info] > git rev-parse --show-toplevel [1ms]
2025-12-03 21:29:46.218 [info] > git rev-parse --show-toplevel [1ms]
2025-12-03 21:29:46.222 [info] [Model][doInitialScan] Initial repository scan completed - repositories (1), closed repositories (0), parent repositories (0), unsafe repositories (0)
2025-12-03 21:29:47.650 [info] > git config --get commit.template [7ms]
2025-12-03 21:29:47.651 [info] > git for-each-ref --format=%(refname)%00%(upstream:short)%00%(objectname)%00%(upstream:track)%00%(upstream:remotename)%00%(upstream:remoteref) refs/heads/devel refs/remotes/devel [2ms]
2025-12-03 21:29:47.671 [info] > git for-each-ref --sort -committerdate --format %(refname)%00%(objectname)%00%(*objectname) [3ms]
2025-12-03 21:29:47.671 [info] > git status -z -uall [13ms]
2025-12-03 21:29:52.707 [info] > git config --get commit.template [3ms]
2025-12-03 21:29:52.726 [info] > git for-each-ref --format=%(refname)%00%(upstream:short)%00%(objectname)%00%(upstream:track)%00%(upstream:remotename)%00%(upstream:remoteref) refs/heads/devel refs/remotes/devel [1ms]
2025-12-03 21:29:52.748 [info] > git status -z -uall [13ms]
2025-12-03 21:29:52.748 [info] > git for-each-ref --sort -committerdate --format %(refname)%00%(objectname)%00%(*objectname) [1ms]
2025-12-03 21:29:57.968 [info] > git config --get commit.template [10ms]
2025-12-03 21:29:57.969 [info] > git for-each-ref --format=%(refname)%00%(upstream:short)%00%(objectname)%00%(upstream:track)%00%(upstream:remotename)%00%(upstream:remoteref) refs/heads/devel refs/remotes/devel [2ms]
2025-12-03 21:29:57.993 [info] > git status -z -uall [14ms]
2025-12-03 21:29:57.997 [info] > git for-each-ref --sort -committerdate --format %(refname)%00%(objectname)%00%(*objectname) [5ms]
2025-12-03 21:30:03.020 [info] > git config --get commit.template [4ms]
2025-12-03 21:30:03.036 [info] > git for-each-ref --format=%(refname)%00%(upstream:short)%00%(objectname)%00%(upstream:track)%00%(upstream:remotename)%00%(upstream:remoteref) refs/heads/devel refs/remotes/devel [3ms]
2025-12-03 21:30:03.080 [info] > git status -z -uall [26ms]
2025-12-03 21:30:03.091 [info] > git for-each-ref --sort -committerdate --format %(refname)%00%(objectname)%00%(*objectname) [14ms]
2025-12-03 21:30:08.131 [info] > git config --get commit.template [2ms]
2025-12-03 21:30:08.183 [info] > git for-each-ref --format=%(refname)%00%(upstream:short)%00%(objectname)%00%(upstream:track)%00%(upstream:remotename)%00%(upstream:remoteref) refs/heads/devel refs/remotes/devel [17ms]
2025-12-03 21:30:08.222 [info] > git for-each-ref --sort -committerdate --format %(refname)%00%(objectname)%00%(*objectname) [0ms]
2025-12-03 21:30:08.242 [info] > git status -z -uall [35ms]
2025-12-03 21:30:13.293 [info] > git config --get commit.template [2ms]
2025-12-03 21:30:13.315 [info] > git for-each-ref --format=%(refname)%00%(upstream:short)%00%(objectname)%00%(upstream:track)%00%(upstream:remotename)%00%(upstream:remoteref) refs/heads/devel refs/remotes/devel [4ms]
2025-12-03 21:30:13.364 [info] > git status -z -uall [33ms]
2025-12-03 21:30:13.365 [info] > git for-each-ref --sort -committerdate --format %(refname)%00%(objectname)%00%(*objectname) [3ms]
2025-12-03 21:30:18.390 [info] > git config --get commit.template [2ms]
2025-12-03 21:30:18.399 [info] > git for-each-ref --format=%(refname)%00%(upstream:short)%00%(objectname)%00%(upstream:track)%00%(upstream:remotename)%00%(upstream:remoteref) refs/heads/devel refs/remotes/devel [2ms]
2025-12-03 21:30:18.420 [info] > git status -z -uall [11ms]
2025-12-03 21:30:18.420 [info] > git for-each-ref --sort -committerdate --format %(refname)%00%(objectname)%00%(*objectname) [1ms]
2025-12-03 21:30:27.193 [info] > git config --get commit.template [1ms]
2025-12-03 21:30:27.202 [info] > git for-each-ref --format=%(refname)%00%(upstream:short)%00%(objectname)%00%(upstream:track)%00%(upstream:remotename)%00%(upstream:remoteref) refs/heads/devel refs/remotes/devel [1ms]
2025-12-03 21:30:27.223 [info] > git status -z -uall [13ms]
2025-12-03 21:30:27.225 [info] > git for-each-ref --sort -committerdate --format %(refname)%00%(objectname)%00%(*objectname) [2ms]
2025-12-03 21:30:32.249 [info] > git config --get commit.template [8ms]
2025-12-03 21:30:32.250 [info] > git for-each-ref --format=%(refname)%00%(upstream:short)%00%(objectname)%00%(upstream:track)%00%(upstream:remotename)%00%(upstream:remoteref) refs/heads/devel refs/remotes/devel [2ms]
2025-12-03 21:30:32.284 [info] > git for-each-ref --sort -committerdate --format %(refname)%00%(objectname)%00%(*objectname) [3ms]
2025-12-03 21:30:32.293 [info] > git status -z -uall [33ms]
2025-12-03 21:30:37.331 [info] > git for-each-ref --format=%(refname)%00%(upstream:short)%00%(objectname)%00%(upstream:track)%00%(upstream:remotename)%00%(upstream:remoteref) refs/heads/devel refs/remotes/devel [2ms]
2025-12-03 21:30:37.332 [info] > git config --get commit.template [12ms]
2025-12-03 21:30:37.355 [info] > git for-each-ref --sort -committerdate --format %(refname)%00%(objectname)%00%(*objectname) [3ms]
2025-12-03 21:30:37.357 [info] > git status -z -uall [18ms]
2025-12-03 21:31:07.602 [info] > git check-ignore -v -z --stdin [8ms]
2025-12-03 21:31:08.239 [info] > git check-ignore -v -z --stdin [14ms]
2025-12-03 21:53:19.644 [info] > git config --get commit.template [12ms]
2025-12-03 21:53:19.658 [info] > git for-each-ref --format=%(refname)%00%(upstream:short)%00%(objectname)%00%(upstream:track)%00%(upstream:remotename)%00%(upstream:remoteref) refs/heads/devel refs/remotes/devel [1ms]
2025-12-03 21:53:19.699 [info] > git status -z -uall [26ms]
2025-12-03 21:53:19.700 [info] > git for-each-ref --sort -committerdate --format %(refname)%00%(objectname)%00%(*objectname) [12ms]
2025-12-03 21:53:20.127 [info] > git diff --name-status -z --diff-filter=ADMR dd7799134931d94299107c022fe5474fd328f8f3 -- [11ms]
2025-12-03 21:55:20.135 [info] > git diff --name-status -z --diff-filter=ADMR dd7799134931d94299107c022fe5474fd328f8f3 -- [6ms]
2025-12-03 21:57:20.135 [info] > git diff --name-status -z --diff-filter=ADMR dd7799134931d94299107c022fe5474fd328f8f3 -- [15ms]
2025-12-03 21:59:20.158 [info] > git diff --name-status -z --diff-filter=ADMR dd7799134931d94299107c022fe5474fd328f8f3 -- [23ms]
2025-12-03 22:01:20.129 [info] > git diff --name-status -z --diff-filter=ADMR dd7799134931d94299107c022fe5474fd328f8f3 -- [7ms]
2025-12-03 22:03:20.147 [info] > git diff --name-status -z --diff-filter=ADMR dd7799134931d94299107c022fe5474fd328f8f3 -- [20ms]
2025-12-03 22:05:20.132 [info] > git diff --name-status -z --diff-filter=ADMR dd7799134931d94299107c022fe5474fd328f8f3 -- [8ms]
2025-12-03 22:07:20.131 [info] > git diff --name-status -z --diff-filter=ADMR dd7799134931d94299107c022fe5474fd328f8f3 -- [6ms]
2025-12-03 22:09:20.134 [info] > git diff --name-status -z --diff-filter=ADMR dd7799134931d94299107c022fe5474fd328f8f3 -- [11ms]
2025-12-03 22:11:20.147 [info] > git diff --name-status -z --diff-filter=ADMR dd7799134931d94299107c022fe5474fd328f8f3 -- [7ms]
2025-12-03 22:13:20.159 [info] > git diff --name-status -z --diff-filter=ADMR dd7799134931d94299107c022fe5474fd328f8f3 -- [17ms]
2025-12-03 22:14:24.052 [info] > git diff --name-status -z --diff-filter=ADMR dd7799134931d94299107c022fe5474fd328f8f3 -- [5ms]
2025-12-03 22:15:20.142 [info] > git diff --name-status -z --diff-filter=ADMR dd7799134931d94299107c022fe5474fd328f8f3 -- [6ms]
2025-12-03 22:17:20.150 [info] > git diff --name-status -z --diff-filter=ADMR dd7799134931d94299107c022fe5474fd328f8f3 -- [13ms]
2025-12-03 22:19:20.153 [info] > git diff --name-status -z --diff-filter=ADMR dd7799134931d94299107c022fe5474fd328f8f3 -- [8ms]
2025-12-03 22:21:20.151 [info] > git diff --name-status -z --diff-filter=ADMR dd7799134931d94299107c022fe5474fd328f8f3 -- [7ms]
2025-12-03 22:22:52.374 [info] > git check-ignore -v -z --stdin [15ms]
2025-12-03 22:23:20.150 [info] > git diff --name-status -z --diff-filter=ADMR dd7799134931d94299107c022fe5474fd328f8f3 -- [7ms]
2025-12-03 22:25:20.159 [info] > git diff --name-status -z --diff-filter=ADMR dd7799134931d94299107c022fe5474fd328f8f3 -- [8ms]
2025-12-03 22:25:22.715 [info] > git check-ignore -v -z --stdin [4ms]
2025-12-03 22:25:43.472 [info] > git check-ignore -v -z --stdin [72ms]
2025-12-03 22:26:10.598 [info] > git check-ignore -v -z --stdin [203ms]
2025-12-03 22:26:26.797 [info] > git check-ignore -v -z --stdin [120ms]
2025-12-03 22:27:20.184 [info] > git diff --name-status -z --diff-filter=ADMR dd7799134931d94299107c022fe5474fd328f8f3 -- [36ms]
2025-12-03 22:27:21.036 [info] > git check-ignore -v -z --stdin [10ms]
2025-12-03 22:29:20.146 [info] > git diff --name-status -z --diff-filter=ADMR dd7799134931d94299107c022fe5474fd328f8f3 -- [5ms]
2025-12-03 22:31:20.209 [info] > git diff --name-status -z --diff-filter=ADMR dd7799134931d94299107c022fe5474fd328f8f3 -- [29ms]
2025-12-03 22:33:20.150 [info] > git diff --name-status -z --diff-filter=ADMR dd7799134931d94299107c022fe5474fd328f8f3 -- [8ms]
2025-12-03 22:34:46.219 [info] > git check-ignore -v -z --stdin [68ms]
2025-12-03 22:35:20.156 [info] > git diff --name-status -z --diff-filter=ADMR dd7799134931d94299107c022fe5474fd328f8f3 -- [6ms]
2025-12-03 22:37:20.165 [info] > git diff --name-status -z --diff-filter=ADMR dd7799134931d94299107c022fe5474fd328f8f3 -- [12ms]
2025-12-03 22:39:20.161 [info] > git diff --name-status -z --diff-filter=ADMR dd7799134931d94299107c022fe5474fd328f8f3 -- [7ms]
2025-12-03 22:41:20.188 [info] > git diff --name-status -z --diff-filter=ADMR dd7799134931d94299107c022fe5474fd328f8f3 -- [15ms]
2025-12-03 22:43:20.173 [info] > git diff --name-status -z --diff-filter=ADMR dd7799134931d94299107c022fe5474fd328f8f3 -- [8ms]
2025-12-03 22:45:20.206 [info] > git diff --name-status -z --diff-filter=ADMR dd7799134931d94299107c022fe5474fd328f8f3 -- [23ms]
2025-12-03 22:47:20.184 [info] > git diff --name-status -z --diff-filter=ADMR dd7799134931d94299107c022fe5474fd328f8f3 -- [7ms]
2025-12-03 22:47:34.002 [info] > git diff --name-status -z --diff-filter=ADMR dd7799134931d94299107c022fe5474fd328f8f3 -- [7ms]
2025-12-03 22:48:33.491 [info] > git check-ignore -v -z --stdin [84ms]
2025-12-03 22:48:59.325 [info] > git show --textconv :SUPPLIER_MODULE.md [18ms]
2025-12-03 22:48:59.355 [info] > git ls-files --stage -- SUPPLIER_MODULE.md [31ms]
2025-12-03 22:48:59.391 [info] > git hash-object -t tree /dev/null [49ms]
2025-12-03 22:48:59.392 [warning] [GitFileSystemProvider][readFile] File not found - git:/root/Documentos/github/GestionSocios/SUPPLIER_MODULE.md.git?%7B%22path%22%3A%22%2Froot%2FDocumentos%2Fgithub%2FGestionSocios%2FSUPPLIER_MODULE.md%22%2C%22ref%22%3A%22%22%7D
2025-12-03 22:48:59.418 [info] > git hash-object -t tree /dev/null [30ms]
2025-12-03 22:48:59.418 [warning] [GitFileSystemProvider][stat] File not found - git:/root/Documentos/github/GestionSocios/SUPPLIER_MODULE.md.git?%7B%22path%22%3A%22%2Froot%2FDocumentos%2Fgithub%2FGestionSocios%2FSUPPLIER_MODULE.md%22%2C%22ref%22%3A%22%22%7D
2025-12-03 22:48:59.495 [info] > git check-ignore -v -z --stdin [16ms]
2025-12-03 22:49:08.318 [info] > git show --textconv :src/Models/SupplierDocument.php [143ms]
2025-12-03 22:49:08.319 [warning] [GitFileSystemProvider][readFile] File not found - git:/root/Documentos/github/GestionSocios/src/Models/SupplierDocument.php.git?%7B%22path%22%3A%22%2Froot%2FDocumentos%2Fgithub%2FGestionSocios%2Fsrc%2FModels%2FSupplierDocument.php%22%2C%22ref%22%3A%22%22%7D
2025-12-03 22:49:08.335 [info] > git ls-files --stage -- src/Models/SupplierDocument.php [17ms]
2025-12-03 22:49:08.339 [warning] [GitFileSystemProvider][stat] File not found - git:/root/Documentos/github/GestionSocios/src/Models/SupplierDocument.php.git?%7B%22path%22%3A%22%2Froot%2FDocumentos%2Fgithub%2FGestionSocios%2Fsrc%2FModels%2FSupplierDocument.php%22%2C%22ref%22%3A%22%22%7D
2025-12-03 22:49:09.092 [info] > git check-ignore -v -z --stdin [17ms]
2025-12-03 22:49:20.183 [info] > git diff --name-status -z --diff-filter=ADMR dd7799134931d94299107c022fe5474fd328f8f3 -- [6ms]
2025-12-03 22:49:41.442 [info] > git check-ignore -v -z --stdin [79ms]
