2025-12-03 22:55:08.233 [info] Reading sessions from keychain...
2025-12-03 22:55:08.233 [info] Got stored sessions!
2025-12-03 22:55:08.233 [info] Got 1 verified sessions.
2025-12-03 22:55:08.233 [info] Getting sessions for all scopes...
2025-12-03 22:55:08.233 [info] Got 1 sessions for ...
2025-12-03 22:55:08.233 [info] Getting sessions for all scopes...
2025-12-03 22:55:08.233 [info] Got 1 sessions for ...
2025-12-03 22:55:08.233 [info] Getting sessions for all scopes...
2025-12-03 22:55:08.233 [info] Got 1 sessions for ...
2025-12-03 22:55:08.233 [info] Getting sessions for all scopes...
2025-12-03 22:55:08.233 [info] Got 1 sessions for ...
2025-12-03 22:55:08.233 [info] Getting sessions for all scopes...
2025-12-03 22:55:08.233 [info] Got 1 sessions for ...
2025-12-03 22:55:08.233 [info] Getting sessions for all scopes...
2025-12-03 22:55:08.233 [info] Got 1 sessions for ...
2025-12-03 22:55:08.233 [info] Getting sessions for all scopes...
2025-12-03 22:55:08.233 [info] Got 1 sessions for ...
2025-12-03 22:55:08.233 [info] Getting sessions for all scopes...
2025-12-03 22:55:08.233 [info] Got 1 sessions for ...
2025-12-03 22:55:08.233 [info] Getting sessions for all scopes...
2025-12-03 22:55:08.233 [info] Got 1 sessions for ...
2025-12-03 22:55:08.233 [info] Getting sessions for all scopes...
2025-12-03 22:55:08.233 [info] Got 1 sessions for ...
2025-12-03 22:55:08.233 [info] Getting sessions for all scopes...
2025-12-03 22:55:08.233 [info] Got 1 sessions for ...
2025-12-03 22:55:08.233 [info] Getting sessions for all scopes...
2025-12-03 22:55:08.233 [info] Got 1 sessions for ...
2025-12-03 22:55:08.233 [info] Getting sessions for all scopes...
2025-12-03 22:55:08.233 [info] Got 1 sessions for ...
2025-12-03 22:55:08.233 [info] Getting sessions for all scopes...
2025-12-03 22:55:08.233 [info] Got 1 sessions for ...
2025-12-03 22:55:08.233 [info] Getting sessions for all scopes...
2025-12-03 22:55:08.233 [info] Got 1 sessions for ...
2025-12-03 22:55:08.433 [info] Getting sessions for all scopes...
2025-12-03 22:55:08.438 [info] Got 1 sessions for ...
2025-12-03 22:55:08.440 [info] Getting sessions for all scopes...
2025-12-03 22:55:08.440 [info] Got 1 sessions for ...
2025-12-03 22:55:09.631 [info] Getting sessions for read:user,repo,user:email,workflow...
2025-12-03 22:55:09.631 [info] Got 1 sessions for read:user,repo,user:email,workflow...
2025-12-03 22:55:09.727 [info] FetcherService: Electron fetch failed with status: 429 
2025-12-03 22:55:10.819 [info] Getting sessions for all scopes...
2025-12-03 22:55:10.819 [info] Got 1 sessions for ...
2025-12-03 22:55:10.869 [info] Getting sessions for all scopes...
2025-12-03 22:55:10.869 [info] Got 1 sessions for ...
2025-12-03 22:55:11.050 [info] Getting sessions for all scopes...
2025-12-03 22:55:11.051 [info] Got 1 sessions for ...
2025-12-03 22:55:11.051 [info] Getting sessions for all scopes...
2025-12-03 22:55:11.051 [info] Got 1 sessions for ...
2025-12-03 22:55:11.051 [info] Getting sessions for all scopes...
2025-12-03 22:55:11.051 [info] Got 1 sessions for ...
2025-12-03 22:55:11.051 [info] Getting sessions for all scopes...
2025-12-03 22:55:11.051 [info] Got 1 sessions for ...
2025-12-03 22:55:12.173 [info] FetcherService: Node fetch failed with status: 429 Too Many Requests
2025-12-03 22:55:12.290 [info] Getting sessions for read:user,repo,user:email,workflow...
2025-12-03 22:55:12.290 [info] Got 1 sessions for read:user,repo,user:email,workflow...
2025-12-03 22:55:13.945 [info] Getting sessions for all scopes...
2025-12-03 22:55:13.946 [info] Got 1 sessions for ...
2025-12-03 22:55:14.013 [info] FetcherService: Node http/s failed with status: 429 Too Many Requests
2025-12-03 22:55:14.046 [info] Getting sessions for read:user,repo,user:email,workflow...
2025-12-03 22:55:14.046 [info] Got 1 sessions for read:user,repo,user:email,workflow...
2025-12-03 22:55:14.075 [info] Getting sessions for all scopes...
2025-12-03 22:55:14.075 [info] Got 1 sessions for ...
2025-12-03 22:55:14.075 [info] Getting sessions for all scopes...
2025-12-03 22:55:14.075 [info] Got 1 sessions for ...
2025-12-03 22:55:14.105 [info] Getting sessions for all scopes...
2025-12-03 22:55:14.109 [info] Got 1 sessions for ...
2025-12-03 22:55:14.394 [info] Getting sessions for read:user,repo,user:email,workflow...
2025-12-03 22:55:14.395 [info] Got 1 sessions for read:user,repo,user:email,workflow...
2025-12-03 22:55:14.866 [info] Getting sessions for all scopes...
2025-12-03 22:55:14.866 [info] Got 1 sessions for ...
2025-12-03 22:55:14.891 [info] Getting sessions for all scopes...
2025-12-03 22:55:14.891 [info] Got 1 sessions for ...
2025-12-03 22:55:14.892 [info] Getting sessions for all scopes...
2025-12-03 22:55:14.892 [info] Got 1 sessions for ...
2025-12-03 22:55:14.899 [info] Getting sessions for all scopes...
2025-12-03 22:55:14.900 [info] Got 1 sessions for ...
2025-12-03 22:55:14.953 [info] Getting sessions for read:user,repo,user:email,workflow...
2025-12-03 22:55:14.953 [info] Got 1 sessions for read:user,repo,user:email,workflow...
2025-12-03 22:55:15.104 [info] Getting sessions for all scopes...
2025-12-03 22:55:15.105 [info] Got 1 sessions for ...
2025-12-03 22:55:15.173 [info] Getting sessions for read:user,repo,user:email,workflow...
2025-12-03 22:55:15.173 [info] Got 1 sessions for read:user,repo,user:email,workflow...
2025-12-03 22:55:15.562 [info] Getting sessions for all scopes...
2025-12-03 22:55:15.562 [info] Got 1 sessions for ...
2025-12-03 22:55:15.562 [info] Getting sessions for all scopes...
2025-12-03 22:55:15.562 [info] Got 1 sessions for ...
2025-12-03 22:55:15.566 [info] Getting sessions for read:user,repo,user:email,workflow...
2025-12-03 22:55:15.566 [info] Got 1 sessions for read:user,repo,user:email,workflow...
2025-12-03 23:00:10.518 [info] Getting sessions for all scopes...
2025-12-03 23:00:10.518 [info] Got 1 sessions for ...
2025-12-03 23:00:10.521 [info] Getting sessions for read:user,repo,user:email,workflow...
2025-12-03 23:00:10.521 [info] Got 1 sessions for read:user,repo,user:email,workflow...
2025-12-03 23:05:10.518 [info] Getting sessions for all scopes...
2025-12-03 23:05:10.518 [info] Got 1 sessions for ...
2025-12-03 23:05:10.521 [info] Getting sessions for read:user,repo,user:email,workflow...
2025-12-03 23:05:10.522 [info] Got 1 sessions for read:user,repo,user:email,workflow...
2025-12-03 23:10:10.517 [info] Getting sessions for all scopes...
2025-12-03 23:10:10.517 [info] Got 1 sessions for ...
2025-12-03 23:10:10.519 [info] Getting sessions for read:user,repo,user:email,workflow...
2025-12-03 23:10:10.519 [info] Got 1 sessions for read:user,repo,user:email,workflow...
2025-12-03 23:15:10.522 [info] Getting sessions for all scopes...
2025-12-03 23:15:10.525 [info] Got 1 sessions for ...
2025-12-03 23:15:10.536 [info] Getting sessions for read:user,repo,user:email,workflow...
2025-12-03 23:15:10.536 [info] Got 1 sessions for read:user,repo,user:email,workflow...
2025-12-03 23:15:32.668 [info] Getting sessions for read:user,repo,user:email,workflow...
2025-12-03 23:15:32.668 [info] Got 1 sessions for read:user,repo,user:email,workflow...
2025-12-03 23:15:36.634 [info] Getting sessions for all scopes...
2025-12-03 23:15:36.634 [info] Got 1 sessions for ...
2025-12-03 23:15:39.240 [info] Getting sessions for all scopes...
2025-12-03 23:15:39.240 [info] Got 1 sessions for ...
2025-12-03 23:15:39.249 [info] Getting sessions for all scopes...
2025-12-03 23:15:39.250 [info] Got 1 sessions for ...
2025-12-03 23:15:39.259 [info] Getting sessions for all scopes...
2025-12-03 23:15:39.260 [info] Got 1 sessions for ...
2025-12-03 23:15:39.269 [info] Getting sessions for all scopes...
2025-12-03 23:15:39.270 [info] Got 1 sessions for ...
2025-12-03 23:15:39.343 [info] Getting sessions for all scopes...
2025-12-03 23:15:39.343 [info] Got 1 sessions for ...
2025-12-03 23:15:39.344 [info] Getting sessions for all scopes...
2025-12-03 23:15:39.344 [info] Got 1 sessions for ...
2025-12-03 23:15:39.383 [info] Getting sessions for all scopes...
2025-12-03 23:15:39.384 [info] Got 1 sessions for ...
2025-12-03 23:15:39.386 [info] Getting sessions for all scopes...
2025-12-03 23:15:39.386 [info] Got 1 sessions for ...
2025-12-03 23:15:39.388 [info] Getting sessions for read:user,repo,user:email,workflow...
2025-12-03 23:15:39.388 [info] Got 1 sessions for read:user,repo,user:email,workflow...
2025-12-03 23:15:39.501 [info] Getting sessions for read:user,repo,user:email,workflow...
2025-12-03 23:15:39.501 [info] Got 1 sessions for read:user,repo,user:email,workflow...
2025-12-03 23:19:11.563 [info] Getting sessions for all scopes...
2025-12-03 23:19:11.563 [info] Got 1 sessions for ...
2025-12-03 23:19:11.567 [info] Getting sessions for read:user,repo,user:email,workflow...
2025-12-03 23:19:11.567 [info] Got 1 sessions for read:user,repo,user:email,workflow...
2025-12-03 23:19:12.058 [info] Getting sessions for all scopes...
2025-12-03 23:19:12.058 [info] Got 1 sessions for ...
2025-12-03 23:19:12.058 [info] Getting sessions for all scopes...
2025-12-03 23:19:12.058 [info] Got 1 sessions for ...
2025-12-03 23:19:12.061 [info] Getting sessions for read:user,repo,user:email,workflow...
2025-12-03 23:19:12.061 [info] Got 1 sessions for read:user,repo,user:email,workflow...
2025-12-03 23:19:12.075 [info] Getting sessions for all scopes...
2025-12-03 23:19:12.075 [info] Got 1 sessions for ...
2025-12-03 23:19:12.077 [info] Getting sessions for all scopes...
2025-12-03 23:19:12.077 [info] Got 1 sessions for ...
2025-12-03 23:19:12.080 [info] Getting sessions for read:user,repo,user:email,workflow...
2025-12-03 23:19:12.080 [info] Got 1 sessions for read:user,repo,user:email,workflow...
2025-12-03 23:20:10.523 [info] Getting sessions for all scopes...
2025-12-03 23:20:10.523 [info] Got 1 sessions for ...
2025-12-03 23:20:10.527 [info] Getting sessions for read:user,repo,user:email,workflow...
2025-12-03 23:20:10.527 [info] Got 1 sessions for read:user,repo,user:email,workflow...
2025-12-03 23:20:45.734 [info] Getting sessions for read:user,repo,user:email,workflow...
2025-12-03 23:20:45.734 [info] Got 1 sessions for read:user,repo,user:email,workflow...
2025-12-03 23:22:51.658 [info] Getting sessions for read:user,repo,user:email,workflow...
2025-12-03 23:22:51.658 [info] Got 1 sessions for read:user,repo,user:email,workflow...
2025-12-03 23:24:07.204 [info] Getting sessions for read:user,repo,user:email,workflow...
2025-12-03 23:24:07.204 [info] Got 1 sessions for read:user,repo,user:email,workflow...
2025-12-03 23:25:10.525 [info] Getting sessions for all scopes...
2025-12-03 23:25:10.525 [info] Got 1 sessions for ...
2025-12-03 23:25:10.530 [info] Getting sessions for read:user,repo,user:email,workflow...
2025-12-03 23:25:10.530 [info] Got 1 sessions for read:user,repo,user:email,workflow...
2025-12-03 23:25:41.702 [info] Getting sessions for read:user,repo,user:email,workflow...
2025-12-03 23:25:41.703 [info] Got 1 sessions for read:user,repo,user:email,workflow...
2025-12-03 23:28:18.808 [info] Getting sessions for read:user,repo,user:email,workflow...
2025-12-03 23:28:18.808 [info] Got 1 sessions for read:user,repo,user:email,workflow...
2025-12-03 23:30:02.879 [info] Getting sessions for read:user,repo,user:email,workflow...
2025-12-03 23:30:02.879 [info] Got 1 sessions for read:user,repo,user:email,workflow...
2025-12-03 23:30:10.524 [info] Getting sessions for all scopes...
2025-12-03 23:30:10.524 [info] Got 1 sessions for ...
2025-12-03 23:30:10.526 [info] Getting sessions for read:user,repo,user:email,workflow...
2025-12-03 23:30:10.526 [info] Got 1 sessions for read:user,repo,user:email,workflow...
2025-12-03 23:35:10.526 [info] Getting sessions for all scopes...
2025-12-03 23:35:10.526 [info] Got 1 sessions for ...
2025-12-03 23:35:10.529 [info] Getting sessions for read:user,repo,user:email,workflow...
2025-12-03 23:35:10.529 [info] Got 1 sessions for read:user,repo,user:email,workflow...
2025-12-03 23:36:03.657 [info] Getting sessions for read:user,repo,user:email,workflow...
2025-12-03 23:36:03.658 [info] Got 1 sessions for read:user,repo,user:email,workflow...
2025-12-03 23:40:10.528 [info] Getting sessions for all scopes...
2025-12-03 23:40:10.528 [info] Got 1 sessions for ...
2025-12-03 23:40:10.531 [info] Getting sessions for read:user,repo,user:email,workflow...
2025-12-03 23:40:10.531 [info] Got 1 sessions for read:user,repo,user:email,workflow...
2025-12-03 23:40:35.703 [info] Getting sessions for all scopes...
2025-12-03 23:40:35.705 [info] Got 1 sessions for ...
2025-12-03 23:40:35.709 [info] Getting sessions for read:user,repo,user:email,workflow...
2025-12-03 23:40:35.709 [info] Got 1 sessions for read:user,repo,user:email,workflow...
2025-12-03 23:40:36.328 [info] Getting sessions for all scopes...
2025-12-03 23:40:36.329 [info] Got 1 sessions for ...
2025-12-03 23:40:36.329 [info] Getting sessions for all scopes...
2025-12-03 23:40:36.329 [info] Got 1 sessions for ...
2025-12-03 23:40:36.336 [info] Getting sessions for read:user,repo,user:email,workflow...
2025-12-03 23:40:36.336 [info] Got 1 sessions for read:user,repo,user:email,workflow...
2025-12-03 23:40:36.377 [info] Getting sessions for all scopes...
2025-12-03 23:40:36.377 [info] Got 1 sessions for ...
2025-12-03 23:40:36.395 [info] Getting sessions for all scopes...
2025-12-03 23:40:36.395 [info] Got 1 sessions for ...
2025-12-03 23:40:36.434 [info] Getting sessions for read:user,repo,user:email,workflow...
2025-12-03 23:40:36.434 [info] Got 1 sessions for read:user,repo,user:email,workflow...
2025-12-03 23:40:40.184 [info] Getting sessions for all scopes...
2025-12-03 23:40:40.184 [info] Got 1 sessions for ...
2025-12-03 23:40:40.185 [info] Getting sessions for read:user,repo,user:email,workflow...
2025-12-03 23:40:40.185 [info] Got 1 sessions for read:user,repo,user:email,workflow...
2025-12-03 23:41:23.575 [info] Getting sessions for read:user,repo,user:email,workflow...
2025-12-03 23:41:23.575 [info] Got 1 sessions for read:user,repo,user:email,workflow...
2025-12-03 23:43:35.883 [info] Getting sessions for read:user,repo,user:email,workflow...
2025-12-03 23:43:35.883 [info] Got 1 sessions for read:user,repo,user:email,workflow...
2025-12-03 23:45:10.530 [info] Getting sessions for all scopes...
2025-12-03 23:45:10.530 [info] Got 1 sessions for ...
2025-12-03 23:45:10.534 [info] Getting sessions for read:user,repo,user:email,workflow...
2025-12-03 23:45:10.534 [info] Got 1 sessions for read:user,repo,user:email,workflow...
2025-12-03 23:45:13.771 [info] Getting sessions for read:user,repo,user:email,workflow...
2025-12-03 23:45:13.772 [info] Got 1 sessions for read:user,repo,user:email,workflow...
2025-12-03 23:47:12.038 [info] Getting sessions for read:user,repo,user:email,workflow...
2025-12-03 23:47:12.038 [info] Got 1 sessions for read:user,repo,user:email,workflow...
2025-12-03 23:48:56.171 [info] Getting sessions for read:user,repo,user:email,workflow...
2025-12-03 23:48:56.171 [info] Got 1 sessions for read:user,repo,user:email,workflow...
2025-12-03 23:50:01.929 [info] Getting sessions for read:user,repo,user:email,workflow...
2025-12-03 23:50:01.929 [info] Got 1 sessions for read:user,repo,user:email,workflow...
2025-12-03 23:50:10.529 [info] Getting sessions for all scopes...
2025-12-03 23:50:10.529 [info] Got 1 sessions for ...
2025-12-03 23:50:10.532 [info] Getting sessions for read:user,repo,user:email,workflow...
2025-12-03 23:50:10.532 [info] Got 1 sessions for read:user,repo,user:email,workflow...
