2025-12-03 21:29:34.116 [info] Reading sessions from keychain...
2025-12-03 21:29:34.116 [info] Getting sessions for all scopes...
2025-12-03 21:29:34.239 [info] Got 0 sessions for ...
2025-12-03 21:29:34.239 [info] Getting sessions for all scopes...
2025-12-03 21:29:34.239 [info] Got 0 sessions for ...
2025-12-03 21:29:34.239 [info] Getting sessions for all scopes...
2025-12-03 21:29:34.239 [info] Got 0 sessions for ...
2025-12-03 21:29:34.239 [info] Getting sessions for all scopes...
2025-12-03 21:29:34.239 [info] Got 0 sessions for ...
2025-12-03 21:29:34.240 [info] Getting sessions for all scopes...
2025-12-03 21:29:34.240 [info] Got 0 sessions for ...
2025-12-03 21:29:34.240 [info] Getting sessions for all scopes...
2025-12-03 21:29:34.240 [info] Got 0 sessions for ...
2025-12-03 21:29:34.240 [info] Getting sessions for all scopes...
2025-12-03 21:29:34.240 [info] Got 0 sessions for ...
2025-12-03 21:29:34.240 [info] Getting sessions for all scopes...
2025-12-03 21:29:34.240 [info] Got 0 sessions for ...
2025-12-03 21:29:34.260 [info] Getting sessions for all scopes...
2025-12-03 21:29:34.261 [info] Got 0 sessions for ...
2025-12-03 21:29:34.262 [info] Getting sessions for all scopes...
2025-12-03 21:29:34.262 [info] Got 0 sessions for ...
2025-12-03 21:29:34.263 [info] Getting sessions for all scopes...
2025-12-03 21:29:34.263 [info] Got 0 sessions for ...
2025-12-03 21:29:34.263 [info] Getting sessions for all scopes...
2025-12-03 21:29:34.263 [info] Got 0 sessions for ...
2025-12-03 21:29:34.263 [info] Getting sessions for all scopes...
2025-12-03 21:29:34.263 [info] Got 0 sessions for ...
2025-12-03 21:29:34.263 [info] Getting sessions for all scopes...
2025-12-03 21:29:34.264 [info] Got 0 sessions for ...
2025-12-03 21:29:34.553 [info] Getting sessions for all scopes...
2025-12-03 21:29:34.553 [info] Got 0 sessions for ...
2025-12-03 21:29:35.030 [info] Getting sessions for all scopes...
2025-12-03 21:29:35.030 [info] Got 0 sessions for ...
2025-12-03 21:29:42.145 [info] Logging in with 'any' account...
2025-12-03 21:29:42.145 [info] Logging in for the following scopes: read:user repo user:email workflow
2025-12-03 21:29:42.777 [info] Trying with local server... (read:user repo user:email workflow)
2025-12-03 21:29:49.477 [error] User Cancelled
2025-12-03 21:29:50.679 [info] Trying without local server... (read:user repo user:email workflow)
2025-12-03 21:30:05.825 [error] User Cancelled
2025-12-03 21:30:08.684 [info] Trying device code flow... (read:user repo user:email workflow)
2025-12-03 21:31:04.760 [info] Getting user info...
2025-12-03 21:31:05.272 [info] Got account info!
2025-12-03 21:31:05.273 [info] Storing 1 sessions...
2025-12-03 21:31:05.282 [info] Reading sessions from keychain...
2025-12-03 21:31:05.283 [info] Stored 1 sessions!
2025-12-03 21:31:05.283 [info] Login success!
2025-12-03 21:31:05.283 [info] Getting sessions for all scopes...
2025-12-03 21:31:05.302 [info] Got stored sessions!
2025-12-03 21:31:05.302 [info] Got 1 verified sessions.
2025-12-03 21:31:05.304 [info] Got 1 sessions for ...
2025-12-03 21:31:05.306 [info] Getting sessions for all scopes...
2025-12-03 21:31:05.306 [info] Got 1 sessions for ...
2025-12-03 21:31:05.307 [info] Getting sessions for all scopes...
2025-12-03 21:31:05.307 [info] Got 1 sessions for ...
2025-12-03 21:31:05.307 [info] Getting sessions for read:user,repo,user:email,workflow...
2025-12-03 21:31:05.307 [info] Got 1 sessions for read:user,repo,user:email,workflow...
2025-12-03 21:31:05.307 [info] Getting sessions for all scopes...
2025-12-03 21:31:05.307 [info] Got 1 sessions for ...
2025-12-03 21:31:05.307 [info] Getting sessions for read:user,repo,user:email,workflow...
2025-12-03 21:31:05.307 [info] Got 1 sessions for read:user,repo,user:email,workflow...
2025-12-03 21:31:05.312 [info] Getting sessions for all scopes...
2025-12-03 21:31:05.312 [info] Got 1 sessions for ...
2025-12-03 21:31:05.312 [info] Getting sessions for all scopes...
2025-12-03 21:31:05.312 [info] Got 1 sessions for ...
2025-12-03 21:31:05.313 [info] Getting sessions for all scopes...
2025-12-03 21:31:05.313 [info] Got 1 sessions for ...
2025-12-03 21:31:05.331 [info] Getting sessions for all scopes...
2025-12-03 21:31:05.332 [info] Got 1 sessions for ...
2025-12-03 21:31:05.343 [info] Getting sessions for read:user,repo,user:email,workflow...
2025-12-03 21:31:05.343 [info] Got 1 sessions for read:user,repo,user:email,workflow...
2025-12-03 21:31:05.663 [info] FetcherService: Electron fetch failed with status: 429 
2025-12-03 21:31:05.820 [info] Getting sessions for all scopes...
2025-12-03 21:31:05.820 [info] Got 1 sessions for ...
2025-12-03 21:31:05.820 [info] Getting sessions for all scopes...
2025-12-03 21:31:05.820 [info] Got 1 sessions for ...
2025-12-03 21:31:05.828 [info] Getting sessions for read:user,repo,user:email,workflow...
2025-12-03 21:31:05.828 [info] Got 1 sessions for read:user,repo,user:email,workflow...
2025-12-03 21:31:06.004 [info] Getting sessions for all scopes...
2025-12-03 21:31:06.004 [info] Got 1 sessions for ...
2025-12-03 21:31:06.024 [info] Getting sessions for all scopes...
2025-12-03 21:31:06.024 [info] Got 1 sessions for ...
2025-12-03 21:31:06.042 [info] Getting sessions for all scopes...
2025-12-03 21:31:06.042 [info] Got 1 sessions for ...
2025-12-03 21:31:06.078 [info] Getting sessions for all scopes...
2025-12-03 21:31:06.078 [info] Got 1 sessions for ...
2025-12-03 21:31:06.099 [info] Getting sessions for all scopes...
2025-12-03 21:31:06.099 [info] Got 1 sessions for ...
2025-12-03 21:31:06.163 [info] Getting sessions for read:user,repo,user:email,workflow...
2025-12-03 21:31:06.163 [info] Got 1 sessions for read:user,repo,user:email,workflow...
2025-12-03 21:31:06.190 [info] FetcherService: Node fetch failed with status: 429 Too Many Requests
2025-12-03 21:31:06.609 [info] FetcherService: Node http/s failed with status: 429 Too Many Requests
2025-12-03 21:31:06.829 [info] Getting sessions for all scopes...
2025-12-03 21:31:06.829 [info] Got 1 sessions for ...
2025-12-03 21:31:06.873 [info] Getting sessions for read:user,repo,user:email,workflow...
2025-12-03 21:31:06.873 [info] Got 1 sessions for read:user,repo,user:email,workflow...
2025-12-03 21:31:06.879 [info] Getting sessions for read:user,repo,user:email,workflow...
2025-12-03 21:31:06.879 [info] Got 1 sessions for read:user,repo,user:email,workflow...
2025-12-03 21:34:44.352 [info] Getting sessions for all scopes...
2025-12-03 21:34:44.352 [info] Got 1 sessions for ...
2025-12-03 21:34:44.354 [info] Getting sessions for read:user,repo,user:email,workflow...
2025-12-03 21:34:44.354 [info] Got 1 sessions for read:user,repo,user:email,workflow...
2025-12-03 21:39:44.354 [info] Getting sessions for all scopes...
2025-12-03 21:39:44.354 [info] Got 1 sessions for ...
2025-12-03 21:39:44.356 [info] Getting sessions for read:user,repo,user:email,workflow...
2025-12-03 21:39:44.356 [info] Got 1 sessions for read:user,repo,user:email,workflow...
2025-12-03 21:44:44.354 [info] Getting sessions for all scopes...
2025-12-03 21:44:44.354 [info] Got 1 sessions for ...
2025-12-03 21:44:44.357 [info] Getting sessions for read:user,repo,user:email,workflow...
2025-12-03 21:44:44.357 [info] Got 1 sessions for read:user,repo,user:email,workflow...
2025-12-03 21:49:44.357 [info] Getting sessions for all scopes...
2025-12-03 21:49:44.357 [info] Got 1 sessions for ...
2025-12-03 21:49:44.359 [info] Getting sessions for read:user,repo,user:email,workflow...
2025-12-03 21:49:44.359 [info] Got 1 sessions for read:user,repo,user:email,workflow...
2025-12-03 21:53:12.449 [info] Getting sessions for all scopes...
2025-12-03 21:53:12.449 [info] Got 1 sessions for ...
2025-12-03 21:53:12.476 [info] Getting sessions for read:user,repo,user:email,workflow...
2025-12-03 21:53:12.477 [info] Got 1 sessions for read:user,repo,user:email,workflow...
2025-12-03 21:53:12.941 [info] Getting sessions for all scopes...
2025-12-03 21:53:12.941 [info] Got 1 sessions for ...
2025-12-03 21:53:12.941 [info] Getting sessions for all scopes...
2025-12-03 21:53:12.941 [info] Got 1 sessions for ...
2025-12-03 21:53:12.944 [info] Getting sessions for read:user,repo,user:email,workflow...
2025-12-03 21:53:12.944 [info] Got 1 sessions for read:user,repo,user:email,workflow...
2025-12-03 21:53:12.953 [info] Getting sessions for all scopes...
2025-12-03 21:53:12.953 [info] Got 1 sessions for ...
2025-12-03 21:53:12.955 [info] Getting sessions for all scopes...
2025-12-03 21:53:12.955 [info] Got 1 sessions for ...
2025-12-03 21:53:12.956 [info] Getting sessions for read:user,repo,user:email,workflow...
2025-12-03 21:53:12.956 [info] Got 1 sessions for read:user,repo,user:email,workflow...
2025-12-03 21:53:19.495 [info] Getting sessions for all scopes...
2025-12-03 21:53:19.495 [info] Got 1 sessions for ...
2025-12-03 21:53:19.499 [info] Getting sessions for read:user,repo,user:email,workflow...
2025-12-03 21:53:19.499 [info] Got 1 sessions for read:user,repo,user:email,workflow...
2025-12-03 21:53:19.770 [info] Getting sessions for all scopes...
2025-12-03 21:53:19.770 [info] Got 1 sessions for ...
2025-12-03 21:53:19.771 [info] Getting sessions for all scopes...
2025-12-03 21:53:19.771 [info] Got 1 sessions for ...
2025-12-03 21:53:19.773 [info] Getting sessions for read:user,repo,user:email,workflow...
2025-12-03 21:53:19.773 [info] Got 1 sessions for read:user,repo,user:email,workflow...
2025-12-03 21:53:20.129 [info] Getting sessions for all scopes...
2025-12-03 21:53:20.129 [info] Got 1 sessions for ...
2025-12-03 21:53:20.132 [info] Getting sessions for read:user,repo,user:email,workflow...
2025-12-03 21:53:20.132 [info] Got 1 sessions for read:user,repo,user:email,workflow...
2025-12-03 21:54:44.357 [info] Getting sessions for all scopes...
2025-12-03 21:54:44.357 [info] Got 1 sessions for ...
2025-12-03 21:54:44.360 [info] Getting sessions for read:user,repo,user:email,workflow...
2025-12-03 21:54:44.360 [info] Got 1 sessions for read:user,repo,user:email,workflow...
2025-12-03 21:57:12.489 [info] Getting sessions for all scopes...
2025-12-03 21:57:12.489 [info] Got 1 sessions for ...
2025-12-03 21:57:12.491 [info] Getting sessions for read:user,repo,user:email,workflow...
2025-12-03 21:57:12.491 [info] Got 1 sessions for read:user,repo,user:email,workflow...
2025-12-03 21:57:12.744 [info] Getting sessions for all scopes...
2025-12-03 21:57:12.744 [info] Got 1 sessions for ...
2025-12-03 21:57:12.745 [info] Getting sessions for all scopes...
2025-12-03 21:57:12.745 [info] Got 1 sessions for ...
2025-12-03 21:57:12.745 [info] Getting sessions for all scopes...
2025-12-03 21:57:12.745 [info] Got 1 sessions for ...
2025-12-03 21:57:12.747 [info] Getting sessions for read:user,repo,user:email,workflow...
2025-12-03 21:57:12.747 [info] Got 1 sessions for read:user,repo,user:email,workflow...
2025-12-03 21:58:19.618 [info] Getting sessions for all scopes...
2025-12-03 21:58:19.618 [info] Got 1 sessions for ...
2025-12-03 21:58:19.625 [info] Getting sessions for read:user,repo,user:email,workflow...
2025-12-03 21:58:19.648 [info] Got 1 sessions for read:user,repo,user:email,workflow...
2025-12-03 21:59:44.444 [info] Getting sessions for all scopes...
2025-12-03 21:59:44.444 [info] Got 1 sessions for ...
2025-12-03 21:59:44.452 [info] Getting sessions for read:user,repo,user:email,workflow...
2025-12-03 21:59:44.452 [info] Got 1 sessions for read:user,repo,user:email,workflow...
2025-12-03 22:00:47.247 [info] Getting sessions for all scopes...
2025-12-03 22:00:47.247 [info] Got 1 sessions for ...
2025-12-03 22:00:47.257 [info] Getting sessions for read:user,repo,user:email,workflow...
2025-12-03 22:00:47.257 [info] Got 1 sessions for read:user,repo,user:email,workflow...
2025-12-03 22:00:47.588 [info] Getting sessions for all scopes...
2025-12-03 22:00:47.589 [info] Got 1 sessions for ...
2025-12-03 22:00:47.591 [info] Getting sessions for all scopes...
2025-12-03 22:00:47.591 [info] Got 1 sessions for ...
2025-12-03 22:00:47.591 [info] Getting sessions for all scopes...
2025-12-03 22:00:47.591 [info] Got 1 sessions for ...
2025-12-03 22:00:47.595 [info] Getting sessions for read:user,repo,user:email,workflow...
2025-12-03 22:00:47.595 [info] Got 1 sessions for read:user,repo,user:email,workflow...
2025-12-03 22:01:10.134 [info] Getting sessions for all scopes...
2025-12-03 22:01:10.134 [info] Got 1 sessions for ...
2025-12-03 22:01:10.140 [info] Getting sessions for read:user,repo,user:email,workflow...
2025-12-03 22:01:10.140 [info] Got 1 sessions for read:user,repo,user:email,workflow...
2025-12-03 22:01:10.267 [info] Getting sessions for all scopes...
2025-12-03 22:01:10.267 [info] Got 1 sessions for ...
2025-12-03 22:01:10.267 [info] Getting sessions for all scopes...
2025-12-03 22:01:10.267 [info] Got 1 sessions for ...
2025-12-03 22:01:10.268 [info] Getting sessions for all scopes...
2025-12-03 22:01:10.268 [info] Got 1 sessions for ...
2025-12-03 22:01:10.291 [info] Getting sessions for read:user,repo,user:email,workflow...
2025-12-03 22:01:10.291 [info] Got 1 sessions for read:user,repo,user:email,workflow...
2025-12-03 22:03:19.620 [info] Getting sessions for all scopes...
2025-12-03 22:03:19.620 [info] Got 1 sessions for ...
2025-12-03 22:03:19.623 [info] Getting sessions for read:user,repo,user:email,workflow...
2025-12-03 22:03:19.623 [info] Got 1 sessions for read:user,repo,user:email,workflow...
2025-12-03 22:04:15.745 [info] Getting sessions for all scopes...
2025-12-03 22:04:15.745 [info] Got 1 sessions for ...
2025-12-03 22:04:15.750 [info] Getting sessions for read:user,repo,user:email,workflow...
2025-12-03 22:04:15.750 [info] Got 1 sessions for read:user,repo,user:email,workflow...
2025-12-03 22:04:16.195 [info] Getting sessions for all scopes...
2025-12-03 22:04:16.195 [info] Got 1 sessions for ...
2025-12-03 22:04:16.195 [info] Getting sessions for all scopes...
2025-12-03 22:04:16.195 [info] Got 1 sessions for ...
2025-12-03 22:04:16.195 [info] Getting sessions for all scopes...
2025-12-03 22:04:16.195 [info] Got 1 sessions for ...
2025-12-03 22:04:16.196 [info] Getting sessions for read:user,repo,user:email,workflow...
2025-12-03 22:04:16.197 [info] Got 1 sessions for read:user,repo,user:email,workflow...
2025-12-03 22:04:44.359 [info] Getting sessions for all scopes...
2025-12-03 22:04:44.360 [info] Got 1 sessions for ...
2025-12-03 22:04:44.362 [info] Getting sessions for read:user,repo,user:email,workflow...
2025-12-03 22:04:44.362 [info] Got 1 sessions for read:user,repo,user:email,workflow...
2025-12-03 22:05:54.621 [info] Getting sessions for all scopes...
2025-12-03 22:05:54.622 [info] Got 1 sessions for ...
2025-12-03 22:05:54.625 [info] Getting sessions for read:user,repo,user:email,workflow...
2025-12-03 22:05:54.625 [info] Got 1 sessions for read:user,repo,user:email,workflow...
2025-12-03 22:08:19.622 [info] Getting sessions for all scopes...
2025-12-03 22:08:19.622 [info] Got 1 sessions for ...
2025-12-03 22:08:19.626 [info] Getting sessions for read:user,repo,user:email,workflow...
2025-12-03 22:08:19.626 [info] Got 1 sessions for read:user,repo,user:email,workflow...
2025-12-03 22:09:28.156 [info] Getting sessions for all scopes...
2025-12-03 22:09:28.156 [info] Got 1 sessions for ...
2025-12-03 22:09:28.171 [info] Getting sessions for read:user,repo,user:email,workflow...
2025-12-03 22:09:28.171 [info] Got 1 sessions for read:user,repo,user:email,workflow...
2025-12-03 22:09:28.417 [info] Getting sessions for all scopes...
2025-12-03 22:09:28.417 [info] Got 1 sessions for ...
2025-12-03 22:09:28.417 [info] Getting sessions for all scopes...
2025-12-03 22:09:28.417 [info] Got 1 sessions for ...
2025-12-03 22:09:28.417 [info] Getting sessions for all scopes...
2025-12-03 22:09:28.417 [info] Got 1 sessions for ...
2025-12-03 22:09:28.419 [info] Getting sessions for read:user,repo,user:email,workflow...
2025-12-03 22:09:28.419 [info] Got 1 sessions for read:user,repo,user:email,workflow...
2025-12-03 22:09:35.288 [info] Getting sessions for all scopes...
2025-12-03 22:09:35.288 [info] Got 1 sessions for ...
2025-12-03 22:09:35.296 [info] Getting sessions for read:user,repo,user:email,workflow...
2025-12-03 22:09:35.297 [info] Got 1 sessions for read:user,repo,user:email,workflow...
2025-12-03 22:09:35.718 [info] Getting sessions for all scopes...
2025-12-03 22:09:35.718 [info] Got 1 sessions for ...
2025-12-03 22:09:35.718 [info] Getting sessions for all scopes...
2025-12-03 22:09:35.718 [info] Got 1 sessions for ...
2025-12-03 22:09:35.718 [info] Getting sessions for all scopes...
2025-12-03 22:09:35.718 [info] Got 1 sessions for ...
2025-12-03 22:09:35.722 [info] Getting sessions for read:user,repo,user:email,workflow...
2025-12-03 22:09:35.722 [info] Got 1 sessions for read:user,repo,user:email,workflow...
2025-12-03 22:09:44.371 [info] Getting sessions for all scopes...
2025-12-03 22:09:44.371 [info] Got 1 sessions for ...
2025-12-03 22:09:44.372 [info] Getting sessions for read:user,repo,user:email,workflow...
2025-12-03 22:09:44.372 [info] Got 1 sessions for read:user,repo,user:email,workflow...
2025-12-03 22:09:44.552 [info] Getting sessions for all scopes...
2025-12-03 22:09:44.552 [info] Got 1 sessions for ...
2025-12-03 22:09:44.558 [info] Getting sessions for read:user,repo,user:email,workflow...
2025-12-03 22:09:44.559 [info] Got 1 sessions for read:user,repo,user:email,workflow...
2025-12-03 22:09:45.168 [info] Getting sessions for all scopes...
2025-12-03 22:09:45.169 [info] Got 1 sessions for ...
2025-12-03 22:09:45.172 [info] Getting sessions for all scopes...
2025-12-03 22:09:45.172 [info] Got 1 sessions for ...
2025-12-03 22:09:45.172 [info] Getting sessions for all scopes...
2025-12-03 22:09:45.172 [info] Got 1 sessions for ...
2025-12-03 22:09:45.180 [info] Getting sessions for read:user,repo,user:email,workflow...
2025-12-03 22:09:45.180 [info] Got 1 sessions for read:user,repo,user:email,workflow...
2025-12-03 22:10:21.478 [info] Getting sessions for all scopes...
2025-12-03 22:10:21.478 [info] Got 1 sessions for ...
2025-12-03 22:10:21.484 [info] Getting sessions for read:user,repo,user:email,workflow...
2025-12-03 22:10:21.484 [info] Got 1 sessions for read:user,repo,user:email,workflow...
2025-12-03 22:10:21.650 [info] Getting sessions for all scopes...
2025-12-03 22:10:21.650 [info] Got 1 sessions for ...
2025-12-03 22:10:21.652 [info] Getting sessions for all scopes...
2025-12-03 22:10:21.652 [info] Got 1 sessions for ...
2025-12-03 22:10:21.652 [info] Getting sessions for all scopes...
2025-12-03 22:10:21.652 [info] Got 1 sessions for ...
2025-12-03 22:10:21.654 [info] Getting sessions for read:user,repo,user:email,workflow...
2025-12-03 22:10:21.654 [info] Got 1 sessions for read:user,repo,user:email,workflow...
2025-12-03 22:10:49.001 [info] Getting sessions for all scopes...
2025-12-03 22:10:49.001 [info] Got 1 sessions for ...
2025-12-03 22:10:49.008 [info] Getting sessions for read:user,repo,user:email,workflow...
2025-12-03 22:10:49.008 [info] Got 1 sessions for read:user,repo,user:email,workflow...
2025-12-03 22:10:49.385 [info] Getting sessions for all scopes...
2025-12-03 22:10:49.385 [info] Got 1 sessions for ...
2025-12-03 22:10:49.387 [info] Getting sessions for all scopes...
2025-12-03 22:10:49.387 [info] Got 1 sessions for ...
2025-12-03 22:10:49.387 [info] Getting sessions for all scopes...
2025-12-03 22:10:49.387 [info] Got 1 sessions for ...
2025-12-03 22:10:49.395 [info] Getting sessions for read:user,repo,user:email,workflow...
2025-12-03 22:10:49.395 [info] Got 1 sessions for read:user,repo,user:email,workflow...
2025-12-03 22:10:56.979 [info] Getting sessions for all scopes...
2025-12-03 22:10:56.979 [info] Got 1 sessions for ...
2025-12-03 22:10:56.982 [info] Getting sessions for read:user,repo,user:email,workflow...
2025-12-03 22:10:56.982 [info] Got 1 sessions for read:user,repo,user:email,workflow...
2025-12-03 22:10:57.095 [info] Getting sessions for all scopes...
2025-12-03 22:10:57.096 [info] Got 1 sessions for ...
2025-12-03 22:10:57.096 [info] Getting sessions for all scopes...
2025-12-03 22:10:57.096 [info] Got 1 sessions for ...
2025-12-03 22:10:57.096 [info] Getting sessions for all scopes...
2025-12-03 22:10:57.096 [info] Got 1 sessions for ...
2025-12-03 22:10:57.102 [info] Getting sessions for read:user,repo,user:email,workflow...
2025-12-03 22:10:57.102 [info] Got 1 sessions for read:user,repo,user:email,workflow...
2025-12-03 22:13:19.710 [info] Getting sessions for all scopes...
2025-12-03 22:13:19.710 [info] Got 1 sessions for ...
2025-12-03 22:13:19.713 [info] Getting sessions for read:user,repo,user:email,workflow...
2025-12-03 22:13:19.713 [info] Got 1 sessions for read:user,repo,user:email,workflow...
2025-12-03 22:14:23.228 [info] Getting sessions for all scopes...
2025-12-03 22:14:23.228 [info] Got 1 sessions for ...
2025-12-03 22:14:23.230 [info] Getting sessions for read:user,repo,user:email,workflow...
2025-12-03 22:14:23.230 [info] Got 1 sessions for read:user,repo,user:email,workflow...
2025-12-03 22:14:23.692 [info] Getting sessions for all scopes...
2025-12-03 22:14:23.692 [info] Got 1 sessions for ...
2025-12-03 22:14:23.692 [info] Getting sessions for all scopes...
2025-12-03 22:14:23.692 [info] Got 1 sessions for ...
2025-12-03 22:14:23.699 [info] Getting sessions for read:user,repo,user:email,workflow...
2025-12-03 22:14:23.699 [info] Got 1 sessions for read:user,repo,user:email,workflow...
2025-12-03 22:14:23.723 [info] Getting sessions for all scopes...
2025-12-03 22:14:23.723 [info] Got 1 sessions for ...
2025-12-03 22:14:23.728 [info] Getting sessions for all scopes...
2025-12-03 22:14:23.728 [info] Got 1 sessions for ...
2025-12-03 22:14:23.735 [info] Getting sessions for read:user,repo,user:email,workflow...
2025-12-03 22:14:23.735 [info] Got 1 sessions for read:user,repo,user:email,workflow...
2025-12-03 22:14:44.366 [info] Getting sessions for all scopes...
2025-12-03 22:14:44.366 [info] Got 1 sessions for ...
2025-12-03 22:14:44.371 [info] Getting sessions for read:user,repo,user:email,workflow...
2025-12-03 22:14:44.373 [info] Got 1 sessions for read:user,repo,user:email,workflow...
2025-12-03 22:18:19.629 [info] Getting sessions for all scopes...
2025-12-03 22:18:19.629 [info] Got 1 sessions for ...
2025-12-03 22:18:19.631 [info] Getting sessions for read:user,repo,user:email,workflow...
2025-12-03 22:18:19.631 [info] Got 1 sessions for read:user,repo,user:email,workflow...
2025-12-03 22:19:44.366 [info] Getting sessions for all scopes...
2025-12-03 22:19:44.366 [info] Got 1 sessions for ...
2025-12-03 22:19:44.370 [info] Getting sessions for read:user,repo,user:email,workflow...
2025-12-03 22:19:44.370 [info] Got 1 sessions for read:user,repo,user:email,workflow...
2025-12-03 22:21:22.455 [info] Getting sessions for all scopes...
2025-12-03 22:21:22.455 [info] Got 1 sessions for ...
2025-12-03 22:21:22.458 [info] Getting sessions for read:user,repo,user:email,workflow...
2025-12-03 22:21:22.458 [info] Got 1 sessions for read:user,repo,user:email,workflow...
2025-12-03 22:23:19.631 [info] Getting sessions for all scopes...
2025-12-03 22:23:19.631 [info] Got 1 sessions for ...
2025-12-03 22:23:19.633 [info] Getting sessions for read:user,repo,user:email,workflow...
2025-12-03 22:23:19.633 [info] Got 1 sessions for read:user,repo,user:email,workflow...
2025-12-03 22:24:44.364 [info] Getting sessions for all scopes...
2025-12-03 22:24:44.365 [info] Got 1 sessions for ...
2025-12-03 22:24:44.369 [info] Getting sessions for read:user,repo,user:email,workflow...
2025-12-03 22:24:44.369 [info] Got 1 sessions for read:user,repo,user:email,workflow...
2025-12-03 22:28:19.638 [info] Getting sessions for all scopes...
2025-12-03 22:28:19.638 [info] Got 1 sessions for ...
2025-12-03 22:28:19.639 [info] Getting sessions for read:user,repo,user:email,workflow...
2025-12-03 22:28:19.639 [info] Got 1 sessions for read:user,repo,user:email,workflow...
2025-12-03 22:29:44.365 [info] Getting sessions for all scopes...
2025-12-03 22:29:44.365 [info] Got 1 sessions for ...
2025-12-03 22:29:44.368 [info] Getting sessions for read:user,repo,user:email,workflow...
2025-12-03 22:29:44.368 [info] Got 1 sessions for read:user,repo,user:email,workflow...
2025-12-03 22:33:19.649 [info] Getting sessions for all scopes...
2025-12-03 22:33:19.649 [info] Got 1 sessions for ...
2025-12-03 22:33:19.652 [info] Getting sessions for read:user,repo,user:email,workflow...
2025-12-03 22:33:19.652 [info] Got 1 sessions for read:user,repo,user:email,workflow...
2025-12-03 22:34:44.371 [info] Getting sessions for all scopes...
2025-12-03 22:34:44.371 [info] Got 1 sessions for ...
2025-12-03 22:34:44.375 [info] Getting sessions for read:user,repo,user:email,workflow...
2025-12-03 22:34:44.375 [info] Got 1 sessions for read:user,repo,user:email,workflow...
2025-12-03 22:38:19.646 [info] Getting sessions for all scopes...
2025-12-03 22:38:19.647 [info] Got 1 sessions for ...
2025-12-03 22:38:19.648 [info] Getting sessions for read:user,repo,user:email,workflow...
2025-12-03 22:38:19.648 [info] Got 1 sessions for read:user,repo,user:email,workflow...
2025-12-03 22:39:44.367 [info] Getting sessions for all scopes...
2025-12-03 22:39:44.368 [info] Got 1 sessions for ...
2025-12-03 22:39:44.372 [info] Getting sessions for read:user,repo,user:email,workflow...
2025-12-03 22:39:44.372 [info] Got 1 sessions for read:user,repo,user:email,workflow...
2025-12-03 22:43:19.652 [info] Getting sessions for all scopes...
2025-12-03 22:43:19.652 [info] Got 1 sessions for ...
2025-12-03 22:43:19.658 [info] Getting sessions for read:user,repo,user:email,workflow...
2025-12-03 22:43:19.658 [info] Got 1 sessions for read:user,repo,user:email,workflow...
2025-12-03 22:44:44.369 [info] Getting sessions for all scopes...
2025-12-03 22:44:44.369 [info] Got 1 sessions for ...
2025-12-03 22:44:44.370 [info] Getting sessions for read:user,repo,user:email,workflow...
2025-12-03 22:44:44.371 [info] Got 1 sessions for read:user,repo,user:email,workflow...
2025-12-03 22:47:33.193 [info] Getting sessions for all scopes...
2025-12-03 22:47:33.193 [info] Got 1 sessions for ...
2025-12-03 22:47:33.205 [info] Getting sessions for read:user,repo,user:email,workflow...
2025-12-03 22:47:33.205 [info] Got 1 sessions for read:user,repo,user:email,workflow...
2025-12-03 22:47:33.656 [info] Getting sessions for all scopes...
2025-12-03 22:47:33.657 [info] Got 1 sessions for ...
2025-12-03 22:47:33.658 [info] Getting sessions for all scopes...
2025-12-03 22:47:33.658 [info] Got 1 sessions for ...
2025-12-03 22:47:33.668 [info] Getting sessions for read:user,repo,user:email,workflow...
2025-12-03 22:47:33.668 [info] Got 1 sessions for read:user,repo,user:email,workflow...
2025-12-03 22:47:33.711 [info] Getting sessions for all scopes...
2025-12-03 22:47:33.711 [info] Got 1 sessions for ...
2025-12-03 22:47:33.714 [info] Getting sessions for all scopes...
2025-12-03 22:47:33.715 [info] Got 1 sessions for ...
2025-12-03 22:47:33.719 [info] Getting sessions for read:user,repo,user:email,workflow...
2025-12-03 22:47:33.719 [info] Got 1 sessions for read:user,repo,user:email,workflow...
2025-12-03 22:48:19.656 [info] Getting sessions for all scopes...
2025-12-03 22:48:19.656 [info] Got 1 sessions for ...
2025-12-03 22:48:19.657 [info] Getting sessions for read:user,repo,user:email,workflow...
2025-12-03 22:48:19.657 [info] Got 1 sessions for read:user,repo,user:email,workflow...
2025-12-03 22:49:44.370 [info] Getting sessions for all scopes...
2025-12-03 22:49:44.370 [info] Got 1 sessions for ...
2025-12-03 22:49:44.374 [info] Getting sessions for read:user,repo,user:email,workflow...
2025-12-03 22:49:44.374 [info] Got 1 sessions for read:user,repo,user:email,workflow...
